[debug] [2025-08-07T15:06:19.343Z] ----------------------------------------------------------------------
[debug] [2025-08-07T15:06:19.345Z] Command:       C:\Program Files\nodejs\node.exe C:\Users\HP\AppData\Roaming\npm\node_modules\firebase-tools\lib\bin\firebase.js init hosting
[debug] [2025-08-07T15:06:19.345Z] CLI Version:   14.12.0
[debug] [2025-08-07T15:06:19.345Z] Platform:      win32
[debug] [2025-08-07T15:06:19.345Z] Node Version:  v22.12.0
[debug] [2025-08-07T15:06:19.346Z] Time:          Thu Aug 07 2025 21:06:19 GMT+0600 (Bangladesh Standard Time)
[debug] [2025-08-07T15:06:19.346Z] ----------------------------------------------------------------------
[debug] 
[debug] [2025-08-07T15:06:19.353Z] > command requires scopes: ["email","openid","https://www.googleapis.com/auth/cloudplatformprojects.readonly","https://www.googleapis.com/auth/firebase","https://www.googleapis.com/auth/cloud-platform"]
[debug] [2025-08-07T15:06:19.354Z] > authorizing via signed-in user (ruhulamin200327@gmail.com)
[info] 
     ######## #### ########  ######## ########     ###     ######  ########
     ##        ##  ##     ## ##       ##     ##  ##   ##  ##       ##
     ######    ##  ########  ######   ########  #########  ######  ######
     ##        ##  ##    ##  ##       ##     ## ##     ##       ## ##
     ##       #### ##     ## ######## ########  ##     ##  ######  ########

You're about to initialize a Firebase project in this directory:

  C:\Users\HP\OneDrive\Desktop\Swftware project\my-react-app

[info] 
=== Project Setup
[info] 
[info] First, let's associate this project directory with a Firebase project.
[info] You can create multiple project aliases by running firebase use --add, 
[info] but for now we'll just set up a default project.
[info] 
[debug] [2025-08-07T15:10:05.825Z] ----------------------------------------------------------------------
[debug] [2025-08-07T15:10:05.828Z] Command:       C:\Program Files\nodejs\node.exe C:\Users\HP\AppData\Roaming\npm\node_modules\firebase-tools\lib\bin\firebase.js init hosting
[debug] [2025-08-07T15:10:05.829Z] CLI Version:   14.12.0
[debug] [2025-08-07T15:10:05.829Z] Platform:      win32
[debug] [2025-08-07T15:10:05.829Z] Node Version:  v22.12.0
[debug] [2025-08-07T15:10:05.829Z] Time:          Thu Aug 07 2025 21:10:05 GMT+0600 (Bangladesh Standard Time)
[debug] [2025-08-07T15:10:05.829Z] ----------------------------------------------------------------------
[debug] 
[debug] [2025-08-07T15:10:05.837Z] > command requires scopes: ["email","openid","https://www.googleapis.com/auth/cloudplatformprojects.readonly","https://www.googleapis.com/auth/firebase","https://www.googleapis.com/auth/cloud-platform"]
[debug] [2025-08-07T15:10:05.837Z] > authorizing via signed-in user (ruhulamin200327@gmail.com)
[info] 
     ######## #### ########  ######## ########     ###     ######  ########
     ##        ##  ##     ## ##       ##     ##  ##   ##  ##       ##
     ######    ##  ########  ######   ########  #########  ######  ######
     ##        ##  ##    ##  ##       ##     ## ##     ##       ## ##
     ##       #### ##     ## ######## ########  ##     ##  ######  ########

You're about to initialize a Firebase project in this directory:

  C:\Users\HP\OneDrive\Desktop\Swftware project\my-react-app

[info] 
=== Project Setup
[info] 
[info] First, let's associate this project directory with a Firebase project.
[info] You can create multiple project aliases by running firebase use --add, 
[info] but for now we'll just set up a default project.
[info] 
